[0.585s] Invoking command in '/home/haqq/Documents/robotics/wro/pathfinders/src/ros2_ws/src/wro_project': PYTHONPATH=/home/haqq/Documents/robotics/wro/pathfinders/src/ros2_ws/build/wro_project/prefix_override:/home/haqq/Documents/robotics/wro/pathfinders/src/ros2_ws/install/wro_project/lib/python3.10/site-packages:${PYTHONPATH} /usr/bin/python3 -W ignore:setup.py install is deprecated setup.py egg_info --egg-base ../../build/wro_project build --build-base /home/haqq/Documents/robotics/wro/pathfinders/src/ros2_ws/build/wro_project/build install --record /home/haqq/Documents/robotics/wro/pathfinders/src/ros2_ws/build/wro_project/install.log --single-version-externally-managed install_data
[0.816s] running egg_info
[0.817s] creating ../../build/wro_project/wro_project.egg-info
[0.817s] writing ../../build/wro_project/wro_project.egg-info/PKG-INFO
[0.817s] writing dependency_links to ../../build/wro_project/wro_project.egg-info/dependency_links.txt
[0.818s] writing entry points to ../../build/wro_project/wro_project.egg-info/entry_points.txt
[0.818s] writing requirements to ../../build/wro_project/wro_project.egg-info/requires.txt
[0.818s] writing top-level names to ../../build/wro_project/wro_project.egg-info/top_level.txt
[0.818s] writing manifest file '../../build/wro_project/wro_project.egg-info/SOURCES.txt'
[0.820s] reading manifest file '../../build/wro_project/wro_project.egg-info/SOURCES.txt'
[0.820s] writing manifest file '../../build/wro_project/wro_project.egg-info/SOURCES.txt'
[0.821s] running build
[0.821s] running build_py
[0.821s] creating /home/haqq/Documents/robotics/wro/pathfinders/src/ros2_ws/build/wro_project/build
[0.821s] creating /home/haqq/Documents/robotics/wro/pathfinders/src/ros2_ws/build/wro_project/build/lib
[0.821s] creating /home/haqq/Documents/robotics/wro/pathfinders/src/ros2_ws/build/wro_project/build/lib/wro_project
[0.821s] copying wro_project/__init__.py -> /home/haqq/Documents/robotics/wro/pathfinders/src/ros2_ws/build/wro_project/build/lib/wro_project
[0.821s] running install
[0.822s] running install_lib
[0.822s] creating /home/haqq/Documents/robotics/wro/pathfinders/src/ros2_ws/install/wro_project/lib/python3.10/site-packages/wro_project
[0.823s] copying /home/haqq/Documents/robotics/wro/pathfinders/src/ros2_ws/build/wro_project/build/lib/wro_project/__init__.py -> /home/haqq/Documents/robotics/wro/pathfinders/src/ros2_ws/install/wro_project/lib/python3.10/site-packages/wro_project
[0.823s] byte-compiling /home/haqq/Documents/robotics/wro/pathfinders/src/ros2_ws/install/wro_project/lib/python3.10/site-packages/wro_project/__init__.py to __init__.cpython-310.pyc
[0.823s] running install_data
[0.824s] creating /home/haqq/Documents/robotics/wro/pathfinders/src/ros2_ws/install/wro_project/share/ament_index
[0.824s] creating /home/haqq/Documents/robotics/wro/pathfinders/src/ros2_ws/install/wro_project/share/ament_index/resource_index
[0.824s] creating /home/haqq/Documents/robotics/wro/pathfinders/src/ros2_ws/install/wro_project/share/ament_index/resource_index/packages
[0.824s] copying resource/wro_project -> /home/haqq/Documents/robotics/wro/pathfinders/src/ros2_ws/install/wro_project/share/ament_index/resource_index/packages
[0.824s] copying package.xml -> /home/haqq/Documents/robotics/wro/pathfinders/src/ros2_ws/install/wro_project/share/wro_project
[0.824s] running install_egg_info
[0.826s] Copying ../../build/wro_project/wro_project.egg-info to /home/haqq/Documents/robotics/wro/pathfinders/src/ros2_ws/install/wro_project/lib/python3.10/site-packages/wro_project-0.0.0-py3.10.egg-info
[0.826s] running install_scripts
[0.847s] writing list of installed files to '/home/haqq/Documents/robotics/wro/pathfinders/src/ros2_ws/build/wro_project/install.log'
[0.872s] Invoked command in '/home/haqq/Documents/robotics/wro/pathfinders/src/ros2_ws/src/wro_project' returned '0': PYTHONPATH=/home/haqq/Documents/robotics/wro/pathfinders/src/ros2_ws/build/wro_project/prefix_override:/home/haqq/Documents/robotics/wro/pathfinders/src/ros2_ws/install/wro_project/lib/python3.10/site-packages:${PYTHONPATH} /usr/bin/python3 -W ignore:setup.py install is deprecated setup.py egg_info --egg-base ../../build/wro_project build --build-base /home/haqq/Documents/robotics/wro/pathfinders/src/ros2_ws/build/wro_project/build install --record /home/haqq/Documents/robotics/wro/pathfinders/src/ros2_ws/build/wro_project/install.log --single-version-externally-managed install_data
